<?xml version="1.0" encoding="UTF-8"?>
<!-- Generated by org.testng.reporters.JUnitXMLReporter -->
<testsuite ignored="0" hostname="Asus_Vivobook14" failures="0" tests="4" name="Default test" time="48.607" errors="0" timestamp="2022-05-09T19:05:27 IST">
  <testcase classname="com.simplilearn.webapptest.amazon.AmazonHomePageTest" name="amazonSearchProductTest1" time="3.477"/>
  <testcase classname="com.simplilearn.webapptest.amazon.AmazonHomePageTest" name="amazonSearchProductTest2" time="3.623"/>
  <testcase classname="com.simplilearn.webapptest.amazon.AmazonHomePageTest" name="homePageTitleTest" time="0.054"/>
  <testcase classname="com.simplilearn.webapptest.amazon.AmazonHomePageTest" name="homePageurlTest" time="0.172"/>
</testsuite> <!-- Default test -->
