<?xml version="1.0" encoding="UTF-8"?>
<!-- Generated by org.testng.reporters.JUnitXMLReporter -->
<testsuite ignored="0" hostname="Asus_Vivobook14" failures="0" tests="3" name="Default test" time="0.148" errors="0" timestamp="2022-05-09T21:48:34 IST">
  <testcase classname="com.simplilearn.webapptest.StandardAnnotationTest" name="testFive" time="0.017"/>
  <testcase classname="com.simplilearn.webapptest.StandardAnnotationTest" name="testFour" time="0.004"/>
  <testcase classname="com.simplilearn.webapptest.StandardAnnotationTest" name="testThree" time="0.003"/>
</testsuite> <!-- Default test -->
