<?xml version="1.0" encoding="UTF-8"?>
<!-- Generated by org.testng.reporters.JUnitXMLReporter -->
<testsuite ignored="0" hostname="Asus_Vivobook14" failures="0" tests="6" name="Amazon Test" time="72.874" errors="0" timestamp="2022-05-09T19:46:13 IST">
  <testcase classname="com.simplilearn.webapptest.amazon.AmazonHomePageTest" name="amazonSearchProductTest1" time="3.478"/>
  <testcase classname="com.simplilearn.webapptest.amazon.AmazonHomePageTest" name="amazonSearchProductTest2" time="3.736"/>
  <testcase classname="com.simplilearn.webapptest.amazon.AmazonHomePageTest" name="homePageTitleTest" time="0.33"/>
  <testcase classname="com.simplilearn.webapptest.amazon.AmazonHomePageTest" name="homePageurlTest" time="0.089"/>
  <testcase classname="com.simplilearn.webapptest.amazon.AmazonNavigationTest" name="amazonNavTest01" time="4.096"/>
  <testcase classname="com.simplilearn.webapptest.amazon.AmazonNavigationTest" name="amazonNavTest02" time="3.635"/>
</testsuite> <!-- Amazon Test -->
