<?xml version="1.0" encoding="UTF-8"?>
<testng-results ignored="0" total="3" passed="3" failed="0" skipped="0">
  <reporter-output>
  </reporter-output>
  <suite started-at="2022-05-09T21:48:33 IST" name="Default suite" finished-at="2022-05-09T21:48:34 IST" duration-ms="148">
    <groups>
    </groups>
    <test started-at="2022-05-09T21:48:33 IST" name="Default test" finished-at="2022-05-09T21:48:34 IST" duration-ms="148">
      <class name="com.simplilearn.webapptest.StandardAnnotationTest">
        <test-method is-config="true" signature="beforeClass()[pri:0, instance:com.simplilearn.webapptest.StandardAnnotationTest@3ce1e309]" started-at="2022-05-09T21:48:33 IST" name="beforeClass" finished-at="2022-05-09T21:48:33 IST" duration-ms="23" status="PASS">
          <reporter-output>
          </reporter-output>
        </test-method> <!-- beforeClass -->
        <test-method is-config="true" signature="testOne()[pri:0, instance:com.simplilearn.webapptest.StandardAnnotationTest@3ce1e309]" started-at="2022-05-09T21:48:34 IST" name="testOne" finished-at="2022-05-09T21:48:34 IST" duration-ms="1" status="PASS">
          <reporter-output>
          </reporter-output>
        </test-method> <!-- testOne -->
        <test-method signature="testFive()[pri:0, instance:com.simplilearn.webapptest.StandardAnnotationTest@3ce1e309]" started-at="2022-05-09T21:48:34 IST" name="testFive" finished-at="2022-05-09T21:48:34 IST" duration-ms="17" status="PASS">
          <reporter-output>
          </reporter-output>
        </test-method> <!-- testFive -->
        <test-method is-config="true" signature="testTwo()[pri:0, instance:com.simplilearn.webapptest.StandardAnnotationTest@3ce1e309]" started-at="2022-05-09T21:48:34 IST" name="testTwo" finished-at="2022-05-09T21:48:34 IST" duration-ms="1" status="PASS">
          <reporter-output>
          </reporter-output>
        </test-method> <!-- testTwo -->
        <test-method is-config="true" signature="testOne()[pri:0, instance:com.simplilearn.webapptest.StandardAnnotationTest@3ce1e309]" started-at="2022-05-09T21:48:34 IST" name="testOne" finished-at="2022-05-09T21:48:34 IST" duration-ms="1" status="PASS">
          <reporter-output>
          </reporter-output>
        </test-method> <!-- testOne -->
        <test-method signature="testFour()[pri:0, instance:com.simplilearn.webapptest.StandardAnnotationTest@3ce1e309]" started-at="2022-05-09T21:48:34 IST" name="testFour" finished-at="2022-05-09T21:48:34 IST" duration-ms="4" status="PASS">
          <reporter-output>
          </reporter-output>
        </test-method> <!-- testFour -->
        <test-method is-config="true" signature="testTwo()[pri:0, instance:com.simplilearn.webapptest.StandardAnnotationTest@3ce1e309]" started-at="2022-05-09T21:48:34 IST" name="testTwo" finished-at="2022-05-09T21:48:34 IST" duration-ms="0" status="PASS">
          <reporter-output>
          </reporter-output>
        </test-method> <!-- testTwo -->
        <test-method is-config="true" signature="testOne()[pri:0, instance:com.simplilearn.webapptest.StandardAnnotationTest@3ce1e309]" started-at="2022-05-09T21:48:34 IST" name="testOne" finished-at="2022-05-09T21:48:34 IST" duration-ms="1" status="PASS">
          <reporter-output>
          </reporter-output>
        </test-method> <!-- testOne -->
        <test-method signature="testThree()[pri:0, instance:com.simplilearn.webapptest.StandardAnnotationTest@3ce1e309]" started-at="2022-05-09T21:48:34 IST" name="testThree" finished-at="2022-05-09T21:48:34 IST" duration-ms="3" status="PASS">
          <reporter-output>
          </reporter-output>
        </test-method> <!-- testThree -->
        <test-method is-config="true" signature="testTwo()[pri:0, instance:com.simplilearn.webapptest.StandardAnnotationTest@3ce1e309]" started-at="2022-05-09T21:48:34 IST" name="testTwo" finished-at="2022-05-09T21:48:34 IST" duration-ms="0" status="PASS">
          <reporter-output>
          </reporter-output>
        </test-method> <!-- testTwo -->
        <test-method is-config="true" signature="afterClass()[pri:0, instance:com.simplilearn.webapptest.StandardAnnotationTest@3ce1e309]" started-at="2022-05-09T21:48:34 IST" name="afterClass" finished-at="2022-05-09T21:48:34 IST" duration-ms="1" status="PASS">
          <reporter-output>
          </reporter-output>
        </test-method> <!-- afterClass -->
      </class> <!-- com.simplilearn.webapptest.StandardAnnotationTest -->
    </test> <!-- Default test -->
  </suite> <!-- Default suite -->
</testng-results>
