<?xml version="1.0" encoding="UTF-8"?>
<testng-results ignored="0" total="4" passed="4" failed="0" skipped="0">
  <reporter-output>
  </reporter-output>
  <suite started-at="2022-05-09T19:04:39 IST" name="Default suite" finished-at="2022-05-09T19:05:27 IST" duration-ms="48607">
    <groups>
    </groups>
    <test started-at="2022-05-09T19:04:39 IST" name="Default test" finished-at="2022-05-09T19:05:27 IST" duration-ms="48607">
      <class name="com.simplilearn.webapptest.amazon.AmazonHomePageTest">
        <test-method is-config="true" signature="beforeMethod()[pri:0, instance:com.simplilearn.webapptest.amazon.AmazonHomePageTest@479d31f3]" started-at="2022-05-09T19:04:39 IST" name="beforeMethod" finished-at="2022-05-09T19:04:47 IST" duration-ms="8098" status="PASS">
          <reporter-output>
          </reporter-output>
        </test-method> <!-- beforeMethod -->
        <test-method signature="amazonSearchProductTest1()[pri:0, instance:com.simplilearn.webapptest.amazon.AmazonHomePageTest@479d31f3]" started-at="2022-05-09T19:04:47 IST" name="amazonSearchProductTest1" finished-at="2022-05-09T19:04:50 IST" duration-ms="3477" status="PASS">
          <reporter-output>
          </reporter-output>
        </test-method> <!-- amazonSearchProductTest1 -->
        <test-method is-config="true" signature="afterMethod()[pri:0, instance:com.simplilearn.webapptest.amazon.AmazonHomePageTest@479d31f3]" started-at="2022-05-09T19:04:50 IST" name="afterMethod" finished-at="2022-05-09T19:04:55 IST" duration-ms="4214" status="PASS">
          <reporter-output>
          </reporter-output>
        </test-method> <!-- afterMethod -->
        <test-method is-config="true" signature="beforeMethod()[pri:0, instance:com.simplilearn.webapptest.amazon.AmazonHomePageTest@479d31f3]" started-at="2022-05-09T19:04:55 IST" name="beforeMethod" finished-at="2022-05-09T19:05:03 IST" duration-ms="7917" status="PASS">
          <reporter-output>
          </reporter-output>
        </test-method> <!-- beforeMethod -->
        <test-method signature="amazonSearchProductTest2()[pri:0, instance:com.simplilearn.webapptest.amazon.AmazonHomePageTest@479d31f3]" started-at="2022-05-09T19:05:03 IST" name="amazonSearchProductTest2" finished-at="2022-05-09T19:05:06 IST" duration-ms="3623" status="PASS">
          <reporter-output>
          </reporter-output>
        </test-method> <!-- amazonSearchProductTest2 -->
        <test-method is-config="true" signature="afterMethod()[pri:0, instance:com.simplilearn.webapptest.amazon.AmazonHomePageTest@479d31f3]" started-at="2022-05-09T19:05:06 IST" name="afterMethod" finished-at="2022-05-09T19:05:10 IST" duration-ms="4110" status="PASS">
          <reporter-output>
          </reporter-output>
        </test-method> <!-- afterMethod -->
        <test-method is-config="true" signature="beforeMethod()[pri:0, instance:com.simplilearn.webapptest.amazon.AmazonHomePageTest@479d31f3]" started-at="2022-05-09T19:05:10 IST" name="beforeMethod" finished-at="2022-05-09T19:05:17 IST" duration-ms="6871" status="PASS">
          <reporter-output>
          </reporter-output>
        </test-method> <!-- beforeMethod -->
        <test-method signature="homePageTitleTest()[pri:0, instance:com.simplilearn.webapptest.amazon.AmazonHomePageTest@479d31f3]" started-at="2022-05-09T19:05:17 IST" name="homePageTitleTest" finished-at="2022-05-09T19:05:17 IST" duration-ms="54" status="PASS">
          <reporter-output>
          </reporter-output>
        </test-method> <!-- homePageTitleTest -->
        <test-method is-config="true" signature="afterMethod()[pri:0, instance:com.simplilearn.webapptest.amazon.AmazonHomePageTest@479d31f3]" started-at="2022-05-09T19:05:17 IST" name="afterMethod" finished-at="2022-05-09T19:05:21 IST" duration-ms="4137" status="PASS">
          <reporter-output>
          </reporter-output>
        </test-method> <!-- afterMethod -->
        <test-method is-config="true" signature="beforeMethod()[pri:0, instance:com.simplilearn.webapptest.amazon.AmazonHomePageTest@479d31f3]" started-at="2022-05-09T19:05:21 IST" name="beforeMethod" finished-at="2022-05-09T19:05:27 IST" duration-ms="5563" status="PASS">
          <reporter-output>
          </reporter-output>
        </test-method> <!-- beforeMethod -->
        <test-method signature="homePageurlTest()[pri:0, instance:com.simplilearn.webapptest.amazon.AmazonHomePageTest@479d31f3]" started-at="2022-05-09T19:05:27 IST" name="homePageurlTest" finished-at="2022-05-09T19:05:27 IST" duration-ms="172" status="PASS">
          <reporter-output>
          </reporter-output>
        </test-method> <!-- homePageurlTest -->
        <test-method is-config="true" signature="afterMethod()[pri:0, instance:com.simplilearn.webapptest.amazon.AmazonHomePageTest@479d31f3]" started-at="2022-05-09T19:05:27 IST" name="afterMethod" finished-at="2022-05-09T19:05:27 IST" duration-ms="284" status="PASS">
          <reporter-output>
          </reporter-output>
        </test-method> <!-- afterMethod -->
      </class> <!-- com.simplilearn.webapptest.amazon.AmazonHomePageTest -->
    </test> <!-- Default test -->
  </suite> <!-- Default suite -->
</testng-results>
